
08.01.2018 08:28:15=>model-user-setStatus: Hatalı veri gönderimi
08.01.2018 09:52:08=>model-user-setStatus: Hatalı veri gönderimi
08.01.2018 09:52:52=>model-user-setStatus: Hatalı veri gönderimi
08.01.2018 09:53:18=>model-user-setStatus: Hatalı veri gönderimi
08.01.2018 10:22:45=>model-user-setStatus: Hatalı veri gönderimi
08.01.2018 10:36:05=>model-user-setStatus: Hatalı veri gönderimi
08.01.2018 10:37:41=>model-user-setStatus: Hatalı veri gönderimi
10.01.2018 09:57:41=>controller-adminController-updateuserAction: Hatalı veri gönderimi
11.01.2018 10:40:14=>controller-newpostformAction=> Hatalı form aktarımı
11.01.2018 10:41:17=>adminController-newpostformAction=> Hatalı form aktarımı
11.01.2018 10:43:58=>adminController-newpostformAction=> Hatalı form aktarımı
11.01.2018 10:45:00=>adminController-newpostformAction=> Hatalı form aktarımı
11.01.2018 10:45:36=>adminController-newpostformAction=> Hatalı form aktarımı
11.01.2018 10:45:38=>adminController-newpostformAction=> Hatalı form aktarımı
11.01.2018 10:45:38=>adminController-newpostformAction=> Hatalı form aktarımı
11.01.2018 10:46:47=>adminController-newpostformAction=> Hatalı form aktarımı
11.01.2018 10:47:06=>adminController-newpostformAction=> Hatalı form aktarımı
11.01.2018 10:47:28=>adminController-newpostformAction=> Hatalı form aktarımı
11.01.2018 10:47:42=>adminController-newpostformAction=> Hatalı form aktarımı
11.01.2018 10:48:08=>adminController-newpostformAction=> Hatalı form aktarımı
11.01.2018 10:48:09=>adminController-newpostformAction=> Hatalı form aktarımı
11.01.2018 10:48:09=>adminController-newpostformAction=> Hatalı form aktarımı
11.01.2018 10:48:09=>adminController-newpostformAction=> Hatalı form aktarımı
11.01.2018 10:48:58=>adminController-newpostformAction=> Hatalı form aktarımı
11.01.2018 11:45:08=>model-post-addNewPost=> Post kaydedilemedi
12.01.2018 08:36:53=>model-post-addNewPost=> Post kaydedilemedi
12.01.2018 08:37:09=>model-post-addNewPost=> Post kaydedilemedi
12.01.2018 08:37:33=>model-post-addNewPost=> Post kaydedilemedi
12.01.2018 08:45:44=>model-post-addNewPost=> Post kaydedilemedi
12.01.2018 08:48:38=>model-post-addNewPost=> Post kaydedilemedi
12.01.2018 08:49:11=>model-post-addNewPost=> Post kaydedilemedi
12.01.2018 09:03:56=>model-post-addNewPost=> Post kaydedilemedi
12.01.2018 09:05:08=>model-post-addNewPost=> Post kaydedilemedi
